
> angular-practice@0.0.0 start
> ng serve

❯ Building...
✔ Building...
Browser bundles
Initial chunk files  | Names            |  Raw size
main.js              | main             |  14.70 kB |
styles.css           | styles           |  95 bytes |

                     | Initial total    |  14.80 kB


Server bundles
Initial chunk files  | Names            |  Raw size
main.server.mjs      | main.server      |  15.97 kB |
server.mjs           | server           |   1.84 kB |
polyfills.server.mjs | polyfills.server | 268 bytes |

Application bundle generation complete. [3.165 seconds] - 2026-06-27T10:41:04.189Z

Watch mode enabled. Watching for file changes...
NOTE: Raw file sizes do not reflect development server per-request transformations.
  ➜  Local:   http://localhost:4200/
❯ Changes detected. Rebuilding...
✔ Changes detected. Rebuilding...
Browser bundles
Initial chunk files | Names       | Raw size
main.js             | main        | 14.73 kB |


Server bundles
Initial chunk files | Names       | Raw size
main.server.mjs     | main.server | 15.99 kB |

Application bundle generation complete. [0.554 seconds] - 2026-06-27T10:43:15.829Z

Page reload sent to client(s).
